<?xml version="1.0" encoding="UTF-8"?>
<!-- Generated by org.testng.reporters.JUnitReportReporter -->
<testsuite hostname="DESKTOP-AEBGFI7" failures="0" tests="1" name="Magentotestcases.Magentotestcase" time="2.561" errors="0" timestamp="2024-06-05T15:17:33 IST" skipped="0">
  <testcase classname="Magentotestcases.Magentotestcase" name="LoginTest" time="2.561"/>
</testsuite> <!-- Magentotestcases.Magentotestcase -->
